<?xml version="1.0" encoding="UTF-8"?>
<testng-results ignored="0" total="2" passed="2" failed="0" skipped="0">
  <reporter-output>
  </reporter-output>
  <suite started-at="2024-03-02T04:02:26 GMT-06:00" name="Default suite" finished-at="2024-03-02T04:02:45 GMT-06:00" duration-ms="19222">
    <groups>
    </groups>
    <test started-at="2024-03-02T04:02:26 GMT-06:00" name="Default test" finished-at="2024-03-02T04:02:45 GMT-06:00" duration-ms="19222">
      <class name="testcases.Social_handles_tc">
        <test-method is-config="true" signature="setUp()[pri:0, instance:testcases.Social_handles_tc@765d7657]" started-at="2024-03-02T04:02:26 GMT-06:00" name="setUp" finished-at="2024-03-02T04:02:34 GMT-06:00" duration-ms="7313" status="PASS">
          <reporter-output>
          </reporter-output>
        </test-method> <!-- setUp -->
        <test-method signature="testSocialMediaIconsPresence()[pri:1, instance:testcases.Social_handles_tc@765d7657]" started-at="2024-03-02T04:02:34 GMT-06:00" name="testSocialMediaIconsPresence" finished-at="2024-03-02T04:02:36 GMT-06:00" duration-ms="2484" status="PASS">
          <reporter-output>
          </reporter-output>
        </test-method> <!-- testSocialMediaIconsPresence -->
        <test-method signature="redirecToSocialPage1()[pri:2, instance:testcases.Social_handles_tc@765d7657]" started-at="2024-03-02T04:02:36 GMT-06:00" name="redirecToSocialPage1" finished-at="2024-03-02T04:02:45 GMT-06:00" duration-ms="8678" status="PASS">
          <reporter-output>
          </reporter-output>
        </test-method> <!-- redirecToSocialPage1 -->
        <test-method is-config="true" signature="tearDown()[pri:0, instance:testcases.Social_handles_tc@765d7657]" started-at="2024-03-02T04:02:45 GMT-06:00" name="tearDown" finished-at="2024-03-02T04:02:45 GMT-06:00" duration-ms="677" status="PASS">
          <reporter-output>
          </reporter-output>
        </test-method> <!-- tearDown -->
      </class> <!-- testcases.Social_handles_tc -->
    </test> <!-- Default test -->
  </suite> <!-- Default suite -->
</testng-results>
